[03:00:01] [Server thread/INFO]: [Not Secure] [Server] O servidor sera reiniciado para backup em 1 minuto!
[03:01:01] [Server thread/INFO]: Saving the game (this may take a moment!)
[03:01:01] [Server thread/INFO]: Saved the game
[03:01:06] [Server thread/INFO]: Stopping the server
[03:01:06] [Server thread/INFO]: Stopping server
[03:01:06] [Server thread/INFO]: [Plan] Disabling Plan v5.6 build 2965
[03:01:06] [Server thread/INFO]: [Plan] Processing complete.
[03:01:06] [Server thread/INFO]: [Plan] Waiting for unfinished transactions to avoid data loss..
[03:01:06] [Server thread/INFO]: [Plan] Transaction queue closed.
[03:01:06] [Server thread/INFO]: [Plan] Player Analytics Disabled.
[03:01:06] [Server thread/INFO]: [AuthMe] Disabling AuthMe v5.6.0-bCUSTOM
[03:01:06] [Server thread/INFO]: [AuthMe] Waiting for 0 tasks to finish
[03:01:06] [Server thread/ERROR]: [AuthMe] [STDERR] [Server thread] INFO fr.xephi.authme.libs.com.zaxxer.hikari.HikariDataSource - AuthMeMYSQLPool - Shutdown initiated...
[03:01:06] [Server thread/WARN]: Nag author(s): '[sgdc3, games647, Hex3l, krusic22]' of 'AuthMe v5.6.0-bCUSTOM' about their usage of System.out/err.print. Please use your plugin's logger instead (JavaPlugin#getLogger).
[03:01:06] [Server thread/ERROR]: [AuthMe] [STDERR] [Server thread] INFO fr.xephi.authme.libs.com.zaxxer.hikari.HikariDataSource - AuthMeMYSQLPool - Shutdown completed.
[03:01:06] [Server thread/INFO]: [AuthMe] AuthMe 5.6.0-bCUSTOM disabled!
[03:01:06] [Server thread/INFO]: Saving players
[03:01:06] [Server thread/INFO]: Saving worlds
[03:01:06] [Server thread/INFO]: Saving chunks for level 'ServerLevel[world]'/minecraft:overworld
[03:01:06] [Server thread/INFO]: [ChunkHolderManager] Waiting 60s for chunk system to halt for world 'world'
[03:01:06] [Server thread/INFO]: [ChunkHolderManager] Halted chunk system for world 'world'
[03:01:06] [Server thread/INFO]: [ChunkHolderManager] Saving all chunkholders for world 'world'
[03:01:08] [Server thread/INFO]: [ChunkHolderManager] Saved 520 block chunks, 131 entity chunks, 0 poi chunks in world 'world' in 1.21s
[03:01:08] [Server thread/INFO]: ThreadedAnvilChunkStorage (world): All chunks are saved
[03:01:08] [Server thread/INFO]: Saving chunks for level 'ServerLevel[world_nether]'/minecraft:the_nether
[03:01:08] [Server thread/INFO]: [ChunkHolderManager] Waiting 60s for chunk system to halt for world 'world_nether'
[03:01:08] [Server thread/INFO]: [ChunkHolderManager] Halted chunk system for world 'world_nether'
[03:01:08] [Server thread/INFO]: [ChunkHolderManager] Saving all chunkholders for world 'world_nether'
[03:01:08] [Server thread/INFO]: [ChunkHolderManager] Saved 0 block chunks, 21 entity chunks, 0 poi chunks in world 'world_nether' in 0.02s
[03:01:08] [Server thread/INFO]: ThreadedAnvilChunkStorage (DIM-1): All chunks are saved
[03:01:08] [Server thread/INFO]: Saving chunks for level 'ServerLevel[world_the_end]'/minecraft:the_end
[03:01:08] [Server thread/INFO]: [ChunkHolderManager] Waiting 60s for chunk system to halt for world 'world_the_end'
[03:01:08] [Server thread/INFO]: [ChunkHolderManager] Halted chunk system for world 'world_the_end'
[03:01:08] [Server thread/INFO]: [ChunkHolderManager] Saving all chunkholders for world 'world_the_end'
[03:01:08] [Server thread/INFO]: [ChunkHolderManager] Saved 10 block chunks, 10 entity chunks, 0 poi chunks in world 'world_the_end' in 0.04s
[03:01:08] [Server thread/INFO]: ThreadedAnvilChunkStorage (DIM1): All chunks are saved
[03:01:08] [Server thread/INFO]: ThreadedAnvilChunkStorage: All dimensions are saved
[03:01:08] [Server thread/INFO]: Flushing Chunk IO
[03:01:08] [Server thread/INFO]: Closing Thread Pool
[03:01:08] [Server thread/INFO]: Closing Server
